2025.11.06 09:59:07 INFO  Started: Metals version 1.6.3 in folders '/Users/qiantang/Downloads/asdas odb/OneDB/spark' for client Visual Studio Code 1.105.1.
2025.11.06 09:59:07 WARN  Using H2 2.4.240 which is newer than the version Flyway has been verified with. The latest verified version of H2 is 2.3.232.
2025.11.06 09:59:08 INFO  no build target found for /Users/qiantang/Downloads/asdas odb/OneDB/spark/sql/core/src/main/scala/org/apache/spark/sql/execution/odb/partition/global/GlobalAdaptivePartitioner.scala. Using presentation compiler with project's scala-library version: 3.3.6
2025.11.06 09:59:08 INFO  no build target found for /Users/qiantang/Downloads/asdas odb/OneDB/spark/sql/core/src/main/scala/org/apache/spark/sql/execution/odb/partition/global/GlobalAdaptivePartitioner.scala. Using presentation compiler with project's scala-library version: 3.3.6
11月 06, 2025 10:00:07 上午 org.eclipse.lsp4j.jsonrpc.RemoteEndpoint handleCancellation
警告: Unmatched cancel notification for request id 4
2025.11.06 10:00:07 WARN  no build target for: /Users/qiantang/Downloads/asdas odb/OneDB/spark/sql/core/src/main/scala/org/apache/spark/sql/execution/odb/partition/global/GlobalAdaptivePartitioner.scala
2025.11.06 10:00:07 INFO  no build target found for /Users/qiantang/Downloads/asdas odb/OneDB/spark/sql/core/src/main/scala/org/apache/spark/sql/execution/odb/partition/global/GlobalAdaptivePartitioner.scala. Using presentation compiler with project's scala-library version: 3.3.6
2025.11.06 10:00:07 INFO  no build target found for /Users/qiantang/Downloads/asdas odb/OneDB/spark/sql/core/src/main/scala/org/apache/spark/sql/execution/odb/partition/global/GlobalAdaptivePartitioner.scala. Using presentation compiler with project's scala-library version: 3.3.6
11月 06, 2025 10:00:07 上午 org.eclipse.lsp4j.jsonrpc.RemoteEndpoint handleCancellation
警告: Unmatched cancel notification for request id 8
2025.11.06 10:00:07 INFO  no build target found for /Users/qiantang/Downloads/asdas odb/OneDB/spark/sql/core/src/main/scala/org/apache/spark/sql/execution/odb/partition/global/GlobalAdaptivePartitioner.scala. Using presentation compiler with project's scala-library version: 3.3.6
2025.11.06 10:00:07 INFO  no build target found for /Users/qiantang/Downloads/asdas odb/OneDB/spark/sql/core/src/main/scala/org/apache/spark/sql/execution/odb/partition/global/GlobalAdaptivePartitioner.scala. Using presentation compiler with project's scala-library version: 3.3.6
2025.11.06 10:00:07 INFO  no build target found for /Users/qiantang/Downloads/asdas odb/OneDB/spark/sql/core/src/main/scala/org/apache/spark/sql/execution/odb/partition/global/GlobalAdaptivePartitioner.scala. Using presentation compiler with project's scala-library version: 3.3.6
2025.11.06 10:00:07 INFO  no build target found for /Users/qiantang/Downloads/asdas odb/OneDB/spark/sql/core/src/main/scala/org/apache/spark/sql/execution/odb/partition/global/GlobalAdaptivePartitioner.scala. Using presentation compiler with project's scala-library version: 3.3.6
2025.11.06 10:00:07 WARN  Could not find semantic tokens for: file:///Users/qiantang/Downloads/asdas%20odb/OneDB/spark/sql/core/src/main/scala/org/apache/spark/sql/execution/odb/partition/global/GlobalAdaptivePartitioner.scala
11月 06, 2025 10:00:07 上午 org.eclipse.lsp4j.jsonrpc.RemoteEndpoint handleCancellation
警告: Unmatched cancel notification for request id 9
2025.11.06 10:00:07 INFO  no build target found for /Users/qiantang/Downloads/asdas odb/OneDB/spark/sql/core/src/main/scala/org/apache/spark/sql/execution/odb/partition/global/GlobalAdaptivePartitioner.scala. Using presentation compiler with project's scala-library version: 3.3.6
2025.11.06 10:00:07 INFO  no build target found for /Users/qiantang/Downloads/asdas odb/OneDB/spark/sql/core/src/main/scala/org/apache/spark/sql/execution/odb/partition/global/GlobalAdaptivePartitioner.scala. Using presentation compiler with project's scala-library version: 3.3.6
11月 06, 2025 10:00:07 上午 org.eclipse.lsp4j.jsonrpc.RemoteEndpoint handleCancellation
警告: Unmatched cancel notification for request id 16
2025.11.06 10:00:07 INFO  no build target found for /Users/qiantang/Downloads/asdas odb/OneDB/spark/sql/core/src/main/scala/org/apache/spark/sql/execution/odb/partition/global/GlobalAdaptivePartitioner.scala. Using presentation compiler with project's scala-library version: 3.3.6
11月 06, 2025 10:00:07 上午 org.eclipse.lsp4j.jsonrpc.RemoteEndpoint handleCancellation
警告: Unmatched cancel notification for request id 10
2025.11.06 10:00:07 INFO  no build target found for /Users/qiantang/Downloads/asdas odb/OneDB/spark/sql/core/src/main/scala/org/apache/spark/sql/execution/odb/partition/global/GlobalAdaptivePartitioner.scala. Using presentation compiler with project's scala-library version: 3.3.6
11月 06, 2025 10:00:07 上午 org.eclipse.lsp4j.jsonrpc.RemoteEndpoint handleCancellation
警告: Unmatched cancel notification for request id 7
2025.11.06 10:00:07 INFO  no build target found for /Users/qiantang/Downloads/asdas odb/OneDB/spark/sql/core/src/main/scala/org/apache/spark/sql/execution/odb/partition/global/GlobalAdaptivePartitioner.scala. Using presentation compiler with project's scala-library version: 3.3.6
11月 06, 2025 10:00:07 上午 org.eclipse.lsp4j.jsonrpc.RemoteEndpoint handleCancellation
警告: Unmatched cancel notification for request id 20
11月 06, 2025 10:00:07 上午 org.eclipse.lsp4j.jsonrpc.RemoteEndpoint handleCancellation
警告: Unmatched cancel notification for request id 22
2025.11.06 10:00:07 WARN  no build target for: /Users/qiantang/Downloads/asdas odb/OneDB/spark/sql/core/src/main/scala/org/apache/spark/sql/execution/odb/partition/global/GlobalAdaptivePartitioner.scala
2025.11.06 10:00:07 INFO  no build target found for /Users/qiantang/Downloads/asdas odb/OneDB/spark/sql/core/src/main/scala/org/apache/spark/sql/execution/odb/partition/local/LocalODBPartitioner.scala. Using presentation compiler with project's scala-library version: 3.3.6
11月 06, 2025 10:00:08 上午 org.eclipse.lsp4j.jsonrpc.RemoteEndpoint handleCancellation
警告: Unmatched cancel notification for request id 26
2025.11.06 10:00:08 INFO  no build target found for /Users/qiantang/Downloads/asdas odb/OneDB/spark/sql/core/src/main/scala/org/apache/spark/sql/execution/odb/partition/local/LocalODBPartitioner.scala. Using presentation compiler with project's scala-library version: 3.3.6
2025.11.06 10:00:08 INFO  no build target found for /Users/qiantang/Downloads/asdas odb/OneDB/spark/sql/core/src/main/scala/org/apache/spark/sql/execution/odb/partition/local/LocalODBPartitioner.scala. Using presentation compiler with project's scala-library version: 3.3.6
2025.11.06 10:00:08 INFO  no build target found for /Users/qiantang/Downloads/asdas odb/OneDB/spark/sql/core/src/main/scala/org/apache/spark/sql/execution/odb/partition/local/LocalODBPartitioner.scala. Using presentation compiler with project's scala-library version: 3.3.6
2025.11.06 10:00:08 INFO  no build target found for /Users/qiantang/Downloads/asdas odb/OneDB/spark/sql/core/src/main/scala/org/apache/spark/sql/execution/odb/partition/local/LocalODBPartitioner.scala. Using presentation compiler with project's scala-library version: 3.3.6
2025.11.06 10:00:12 INFO  no build target found for /Users/qiantang/Downloads/asdas odb/OneDB/spark/sql/core/src/main/scala/org/apache/spark/sql/execution/odb/partition/local/LocalODBPartitioner.scala. Using presentation compiler with project's scala-library version: 3.3.6
2025.11.06 10:01:16 INFO  no build target found for /Users/qiantang/Downloads/asdas odb/OneDB/spark/sql/core/src/main/scala/org/apache/spark/sql/execution/odb/partition/local/LocalODBPartitioner.scala. Using presentation compiler with project's scala-library version: 3.3.6
2025.11.06 10:01:16 INFO  no build target found for /Users/qiantang/Downloads/asdas odb/OneDB/spark/sql/core/src/main/scala/org/apache/spark/sql/internal/BaseSessionStateBuilder.scala. Using presentation compiler with project's scala-library version: 3.3.6
11月 06, 2025 10:01:16 上午 org.eclipse.lsp4j.jsonrpc.RemoteEndpoint handleCancellation
警告: Unmatched cancel notification for request id 37
2025.11.06 10:01:16 INFO  no build target found for /Users/qiantang/Downloads/asdas odb/OneDB/spark/sql/core/src/main/scala/org/apache/spark/sql/internal/BaseSessionStateBuilder.scala. Using presentation compiler with project's scala-library version: 3.3.6
2025.11.06 10:01:16 INFO  no build target found for /Users/qiantang/Downloads/asdas odb/OneDB/spark/sql/core/src/main/scala/org/apache/spark/sql/internal/BaseSessionStateBuilder.scala. Using presentation compiler with project's scala-library version: 3.3.6
2025.11.06 10:01:56 INFO  no build target found for /Users/qiantang/Downloads/asdas odb/OneDB/spark/sql/core/src/main/scala/org/apache/spark/sql/internal/BaseSessionStateBuilder.scala. Using presentation compiler with project's scala-library version: 3.3.6
2025.11.06 10:01:56 INFO  no build target found for /Users/qiantang/Downloads/asdas odb/OneDB/spark/sql/core/src/main/scala/org/apache/spark/sql/internal/BaseSessionStateBuilder.scala. Using presentation compiler with project's scala-library version: 3.3.6
2025.11.06 10:01:56 INFO  no build target found for /Users/qiantang/Downloads/asdas odb/OneDB/spark/sql/core/src/main/scala/org/apache/spark/sql/internal/BaseSessionStateBuilder.scala. Using presentation compiler with project's scala-library version: 3.3.6
2025.11.06 10:01:58 INFO  no build target found for /Users/qiantang/Downloads/asdas odb/OneDB/spark/sql/core/src/main/scala/org/apache/spark/sql/internal/SessionState.scala. Using presentation compiler with project's scala-library version: 3.3.6
2025.11.06 10:01:58 INFO  no build target found for /Users/qiantang/Downloads/asdas odb/OneDB/spark/sql/core/src/main/scala/org/apache/spark/sql/internal/SessionState.scala. Using presentation compiler with project's scala-library version: 3.3.6
2025.11.06 10:01:58 INFO  no build target found for /Users/qiantang/Downloads/asdas odb/OneDB/spark/sql/core/src/main/scala/org/apache/spark/sql/internal/SessionState.scala. Using presentation compiler with project's scala-library version: 3.3.6
2025.11.06 10:01:58 INFO  no build target found for /Users/qiantang/Downloads/asdas odb/OneDB/spark/sql/core/src/main/scala/org/apache/spark/sql/internal/SessionState.scala. Using presentation compiler with project's scala-library version: 3.3.6
2025.11.06 10:01:58 INFO  no build target found for /Users/qiantang/Downloads/asdas odb/OneDB/spark/sql/core/src/main/scala/org/apache/spark/sql/internal/SessionState.scala. Using presentation compiler with project's scala-library version: 3.3.6
2025.11.06 10:02:03 WARN  no build target for: /Users/qiantang/Downloads/asdas odb/OneDB/spark/sql/core/src/main/scala/org/apache/spark/sql/internal/BaseSessionStateBuilder.scala
2025.11.06 10:02:03 INFO  no build target found for /Users/qiantang/Downloads/asdas odb/OneDB/spark/sql/core/src/main/scala/org/apache/spark/sql/internal/BaseSessionStateBuilder.scala. Using presentation compiler with project's scala-library version: 3.3.6
2025.11.06 10:02:03 INFO  no build target found for /Users/qiantang/Downloads/asdas odb/OneDB/spark/sql/core/src/main/scala/org/apache/spark/sql/internal/BaseSessionStateBuilder.scala. Using presentation compiler with project's scala-library version: 3.3.6
2025.11.06 10:02:03 INFO  no build target found for /Users/qiantang/Downloads/asdas odb/OneDB/spark/sql/core/src/main/scala/org/apache/spark/sql/internal/BaseSessionStateBuilder.scala. Using presentation compiler with project's scala-library version: 3.3.6
2025.11.06 10:02:03 WARN  no build target for: /Users/qiantang/Downloads/asdas odb/OneDB/spark/sql/core/src/main/scala/org/apache/spark/sql/internal/BaseSessionStateBuilder.scala
2025.11.06 10:02:03 INFO  no build target found for /Users/qiantang/Downloads/asdas odb/OneDB/spark/sql/core/src/main/scala/org/apache/spark/sql/internal/BaseSessionStateBuilder.scala. Using presentation compiler with project's scala-library version: 3.3.6
2025.11.06 10:02:03 INFO  no build target found for /Users/qiantang/Downloads/asdas odb/OneDB/spark/sql/core/src/main/scala/org/apache/spark/sql/internal/BaseSessionStateBuilder.scala. Using presentation compiler with project's scala-library version: 3.3.6
2025.11.06 10:02:03 WARN  no build target for: /Users/qiantang/Downloads/asdas odb/OneDB/spark/sql/core/src/main/scala/org/apache/spark/sql/internal/SessionState.scala
2025.11.06 10:02:04 INFO  no build target found for /Users/qiantang/Downloads/asdas odb/OneDB/spark/sql/core/src/main/scala/org/apache/spark/sql/internal/SessionState.scala. Using presentation compiler with project's scala-library version: 3.3.6
2025.11.06 10:02:04 INFO  no build target found for /Users/qiantang/Downloads/asdas odb/OneDB/spark/sql/core/src/main/scala/org/apache/spark/sql/internal/SessionState.scala. Using presentation compiler with project's scala-library version: 3.3.6
2025.11.06 10:02:04 INFO  no build target found for /Users/qiantang/Downloads/asdas odb/OneDB/spark/sql/core/src/main/scala/org/apache/spark/sql/internal/SessionState.scala. Using presentation compiler with project's scala-library version: 3.3.6
2025.11.06 10:05:02 INFO  no build target found for /Users/qiantang/Downloads/asdas odb/OneDB/spark/sql/core/src/main/scala/org/apache/spark/sql/internal/SessionState.scala. Using presentation compiler with project's scala-library version: 3.3.6
2025.11.06 10:05:02 INFO  no build target found for /Users/qiantang/Downloads/asdas odb/OneDB/spark/sql/core/src/main/scala/org/apache/spark/sql/internal/SessionState.scala. Using presentation compiler with project's scala-library version: 3.3.6
2025.11.06 10:05:02 INFO  no build target found for /Users/qiantang/Downloads/asdas odb/OneDB/spark/sql/core/src/main/scala/org/apache/spark/sql/internal/SessionState.scala. Using presentation compiler with project's scala-library version: 3.3.6
2025.11.06 10:05:03 INFO  no build target found for /Users/qiantang/Downloads/asdas odb/OneDB/spark/sql/core/src/main/scala/org/apache/spark/sql/internal/SessionState.scala. Using presentation compiler with project's scala-library version: 3.3.6
2025.11.06 10:05:03 INFO  no build target found for /Users/qiantang/Downloads/asdas odb/OneDB/spark/sql/core/src/main/scala/org/apache/spark/sql/internal/SessionState.scala. Using presentation compiler with project's scala-library version: 3.3.6
2025.11.06 10:05:03 WARN  no build target for: /Users/qiantang/Downloads/asdas odb/OneDB/spark/sql/core/src/main/scala/org/apache/spark/sql/internal/SessionState.scala
2025.11.06 10:05:03 INFO  no build target found for /Users/qiantang/Downloads/asdas odb/OneDB/spark/sql/core/src/main/scala/org/apache/spark/sql/internal/SessionState.scala. Using presentation compiler with project's scala-library version: 3.3.6
2025.11.06 10:05:05 INFO  no build target found for /Users/qiantang/Downloads/asdas odb/OneDB/spark/sql/core/src/main/scala/org/apache/spark/sql/internal/SessionState.scala. Using presentation compiler with project's scala-library version: 3.3.6
2025.11.06 10:05:05 INFO  no build target found for /Users/qiantang/Downloads/asdas odb/OneDB/spark/sql/core/src/main/scala/org/apache/spark/sql/internal/SessionState.scala. Using presentation compiler with project's scala-library version: 3.3.6
2025.11.06 10:05:05 INFO  no build target found for /Users/qiantang/Downloads/asdas odb/OneDB/spark/sql/core/src/main/scala/org/apache/spark/sql/internal/SessionState.scala. Using presentation compiler with project's scala-library version: 3.3.6
2025.11.06 10:05:05 INFO  no build target found for /Users/qiantang/Downloads/asdas odb/OneDB/spark/sql/core/src/main/scala/org/apache/spark/sql/internal/SessionState.scala. Using presentation compiler with project's scala-library version: 3.3.6
2025.11.06 10:05:06 INFO  no build target found for /Users/qiantang/Downloads/asdas odb/OneDB/spark/sql/core/src/main/scala/org/apache/spark/sql/internal/SessionState.scala. Using presentation compiler with project's scala-library version: 3.3.6
2025.11.06 10:05:06 WARN  no build target for: /Users/qiantang/Downloads/asdas odb/OneDB/spark/sql/core/src/main/scala/org/apache/spark/sql/internal/SessionState.scala
2025.11.06 10:05:06 INFO  no build target found for /Users/qiantang/Downloads/asdas odb/OneDB/spark/sql/core/src/main/scala/org/apache/spark/sql/internal/SessionState.scala. Using presentation compiler with project's scala-library version: 3.3.6
2025.11.06 12:38:19 INFO  no build target found for /Users/qiantang/Downloads/asdas odb/OneDB/spark/sql/core/src/main/scala/org/apache/spark/sql/Dataset.scala. Using presentation compiler with project's scala-library version: 3.3.6
2025.11.06 12:38:20 INFO  no build target found for /Users/qiantang/Downloads/asdas odb/OneDB/spark/sql/core/src/main/scala/org/apache/spark/sql/Dataset.scala. Using presentation compiler with project's scala-library version: 3.3.6
11月 06, 2025 12:38:20 下午 org.eclipse.lsp4j.jsonrpc.RemoteEndpoint handleCancellation
警告: Unmatched cancel notification for request id 106
2025.11.06 12:38:19 INFO  no build target found for /Users/qiantang/Downloads/asdas odb/OneDB/spark/sql/core/src/main/scala/org/apache/spark/sql/Dataset.scala. Using presentation compiler with project's scala-library version: 3.3.6
2025.11.06 12:38:20 INFO  no build target found for /Users/qiantang/Downloads/asdas odb/OneDB/spark/sql/core/src/main/scala/org/apache/spark/sql/Dataset.scala. Using presentation compiler with project's scala-library version: 3.3.6
2025.11.06 12:38:21 INFO  no build target found for /Users/qiantang/Downloads/asdas odb/OneDB/spark/sql/core/src/main/scala/org/apache/spark/sql/Dataset.scala. Using presentation compiler with project's scala-library version: 3.3.6
2025.11.06 12:38:22 INFO  Created report: Optional[file:///Users/qiantang/Downloads/asdas%20odb/OneDB/spark/sql/core/src/main/scala/org/apache/spark/sql/Dataset.scala]
2025.11.06 12:38:22 INFO  empty definition using pc, found symbol in pc: `<none>`. (full report at: "/Users/qiantang/Downloads/asdas odb/OneDB/spark/.metals/.reports/metals-full/2025-11-06/r_empty-definition_12-38-22-133.md")
2025.11.06 12:38:51 INFO  no build target found for /Users/qiantang/Downloads/asdas odb/OneDB/spark/sql/core/src/main/scala/org/apache/spark/sql/Dataset.scala. Using presentation compiler with project's scala-library version: 3.3.6
2025.11.06 12:38:51 INFO  no build target found for /Users/qiantang/Downloads/asdas odb/OneDB/spark/sql/core/src/main/scala/org/apache/spark/sql/Dataset.scala. Using presentation compiler with project's scala-library version: 3.3.6
2025.11.06 12:38:51 INFO  no build target found for /Users/qiantang/Downloads/asdas odb/OneDB/spark/sql/core/src/main/scala/org/apache/spark/sql/Dataset.scala. Using presentation compiler with project's scala-library version: 3.3.6
2025.11.06 12:38:51 INFO  no build target found for /Users/qiantang/Downloads/asdas odb/OneDB/spark/sql/core/src/main/scala/org/apache/spark/sql/Dataset.scala. Using presentation compiler with project's scala-library version: 3.3.6
11月 06, 2025 12:38:53 下午 org.eclipse.lsp4j.jsonrpc.RemoteEndpoint handleCancellation
警告: Unmatched cancel notification for request id 116
2025.11.06 12:38:53 INFO  no build target found for /Users/qiantang/Downloads/asdas odb/OneDB/spark/sql/core/src/main/scala/org/apache/spark/sql/Dataset.scala. Using presentation compiler with project's scala-library version: 3.3.6
11月 06, 2025 12:38:54 下午 org.eclipse.lsp4j.jsonrpc.RemoteEndpoint handleCancellation
警告: Unmatched cancel notification for request id 118
11月 06, 2025 12:38:54 下午 org.eclipse.lsp4j.jsonrpc.RemoteEndpoint handleCancellation
警告: Unmatched cancel notification for request id 119
2025.11.06 12:38:54 INFO  no build target found for /Users/qiantang/Downloads/asdas odb/OneDB/spark/sql/core/src/main/scala/org/apache/spark/sql/Dataset.scala. Using presentation compiler with project's scala-library version: 3.3.6
2025.11.06 12:38:54 INFO  no build target found for /Users/qiantang/Downloads/asdas odb/OneDB/spark/sql/core/src/main/scala/org/apache/spark/sql/Dataset.scala. Using presentation compiler with project's scala-library version: 3.3.6
2025.11.06 12:38:54 WARN  no build target for: /Users/qiantang/Downloads/asdas odb/OneDB/spark/sql/core/src/main/scala/org/apache/spark/sql/Dataset.scala
2025.11.06 12:38:54 INFO  no build target found for /Users/qiantang/Downloads/asdas odb/OneDB/spark/sql/core/src/main/scala/org/apache/spark/sql/Dataset.scala. Using presentation compiler with project's scala-library version: 3.3.6
2025.11.06 12:39:34 INFO  no build target found for /Users/qiantang/Downloads/asdas odb/OneDB/spark/sql/core/src/main/scala/org/apache/spark/sql/Dataset.scala. Using presentation compiler with project's scala-library version: 3.3.6
2025.11.06 12:39:36 INFO  no build target found for /Users/qiantang/Downloads/asdas odb/OneDB/spark/sql/core/src/main/scala/org/apache/spark/sql/execution/SparkStrategies.scala. Using presentation compiler with project's scala-library version: 3.3.6
2025.11.06 12:39:36 INFO  no build target found for /Users/qiantang/Downloads/asdas odb/OneDB/spark/sql/core/src/main/scala/org/apache/spark/sql/execution/SparkStrategies.scala. Using presentation compiler with project's scala-library version: 3.3.6
11月 06, 2025 12:39:36 下午 org.eclipse.lsp4j.jsonrpc.RemoteEndpoint handleCancellation
警告: Unmatched cancel notification for request id 129
2025.11.06 12:39:36 INFO  no build target found for /Users/qiantang/Downloads/asdas odb/OneDB/spark/sql/core/src/main/scala/org/apache/spark/sql/execution/SparkStrategies.scala. Using presentation compiler with project's scala-library version: 3.3.6
2025.11.06 12:40:55 INFO  no build target found for /Users/qiantang/Downloads/asdas odb/OneDB/spark/sql/core/src/main/scala/org/apache/spark/sql/execution/SparkStrategies.scala. Using presentation compiler with project's scala-library version: 3.3.6
2025.11.06 12:40:55 INFO  no build target found for /Users/qiantang/Downloads/asdas odb/OneDB/spark/sql/core/src/main/scala/org/apache/spark/sql/execution/SparkStrategies.scala. Using presentation compiler with project's scala-library version: 3.3.6
2025.11.06 12:40:55 INFO  no build target found for /Users/qiantang/Downloads/asdas odb/OneDB/spark/sql/core/src/main/scala/org/apache/spark/sql/execution/SparkStrategies.scala. Using presentation compiler with project's scala-library version: 3.3.6
2025.11.06 12:40:56 INFO  no build target found for /Users/qiantang/Downloads/asdas odb/OneDB/spark/sql/core/src/main/scala/org/apache/spark/sql/execution/SparkStrategies.scala. Using presentation compiler with project's scala-library version: 3.3.6
2025.11.06 12:40:56 WARN  no build target for: /Users/qiantang/Downloads/asdas odb/OneDB/spark/sql/core/src/main/scala/org/apache/spark/sql/execution/SparkStrategies.scala
2025.11.06 12:40:56 INFO  no build target found for /Users/qiantang/Downloads/asdas odb/OneDB/spark/sql/core/src/main/scala/org/apache/spark/sql/execution/SparkStrategies.scala. Using presentation compiler with project's scala-library version: 3.3.6
2025.11.06 12:41:06 INFO  no build target found for /Users/qiantang/Downloads/asdas odb/OneDB/spark/sql/core/src/main/scala/org/apache/spark/sql/execution/odb/partition/local/LocalODBPartitioner.scala. Using presentation compiler with project's scala-library version: 3.3.6
2025.11.06 12:41:07 INFO  no build target found for /Users/qiantang/Downloads/asdas odb/OneDB/spark/sql/core/src/main/scala/org/apache/spark/sql/execution/odb/partition/local/LocalODBPartitioner.scala. Using presentation compiler with project's scala-library version: 3.3.6
2025.11.06 12:41:06 INFO  no build target found for /Users/qiantang/Downloads/asdas odb/OneDB/spark/sql/core/src/main/scala/org/apache/spark/sql/execution/odb/partition/local/LocalODBPartitioner.scala. Using presentation compiler with project's scala-library version: 3.3.6
2025.11.06 12:41:08 INFO  no build target found for /Users/qiantang/Downloads/asdas odb/OneDB/spark/sql/core/src/main/scala/org/apache/spark/sql/execution/odb/partition/local/LocalODBPartitioner.scala. Using presentation compiler with project's scala-library version: 3.3.6
2025.11.06 12:41:08 INFO  no build target found for /Users/qiantang/Downloads/asdas odb/OneDB/spark/sql/core/src/main/scala/org/apache/spark/sql/execution/odb/partition/local/LocalODBPartitioner.scala. Using presentation compiler with project's scala-library version: 3.3.6
2025.11.06 12:41:08 INFO  no build target found for /Users/qiantang/Downloads/asdas odb/OneDB/spark/sql/core/src/main/scala/org/apache/spark/sql/execution/odb/partition/local/LocalODBPartitioner.scala. Using presentation compiler with project's scala-library version: 3.3.6
2025.11.06 12:41:08 INFO  no build target found for /Users/qiantang/Downloads/asdas odb/OneDB/spark/sql/core/src/main/scala/org/apache/spark/sql/execution/odb/partition/local/LocalODBPartitioner.scala. Using presentation compiler with project's scala-library version: 3.3.6
2025.11.06 12:41:09 INFO  no build target found for /Users/qiantang/Downloads/asdas odb/OneDB/spark/sql/core/src/main/scala/org/apache/spark/sql/execution/odb/partition/local/LocalODBPartitioner.scala. Using presentation compiler with project's scala-library version: 3.3.6
2025.11.06 12:41:09 WARN  no build target for: /Users/qiantang/Downloads/asdas odb/OneDB/spark/sql/core/src/main/scala/org/apache/spark/sql/execution/odb/partition/local/LocalODBPartitioner.scala
2025.11.06 12:41:09 INFO  no build target found for /Users/qiantang/Downloads/asdas odb/OneDB/spark/sql/core/src/main/scala/org/apache/spark/sql/execution/odb/partition/local/LocalODBPartitioner.scala. Using presentation compiler with project's scala-library version: 3.3.6
2025.11.06 13:58:47 INFO  no build target found for /Users/qiantang/Downloads/asdas odb/OneDB/spark/sql/core/src/main/scala/org/apache/spark/sql/execution/odb/partition/local/LocalODBPartitioner.scala. Using presentation compiler with project's scala-library version: 3.3.6
11月 06, 2025 2:49:24 下午 org.eclipse.lsp4j.jsonrpc.services.GenericEndpoint notify
信息: Unsupported notification method: $/setTrace
2025.11.06 15:53:05 WARN  no build target for: /Users/qiantang/Downloads/asdas odb/OneDB/spark/sql/core/src/main/scala/org/apache/spark/sql/execution/odb/partition/local/LocalODBPartitioner.scala
2025.11.06 15:53:05 INFO  no build target found for /Users/qiantang/Downloads/asdas odb/OneDB/spark/sql/core/src/main/scala/org/apache/spark/sql/execution/odb/partition/local/LocalODBPartitioner.scala. Using presentation compiler with project's scala-library version: 3.3.6
2025.11.06 15:53:05 INFO  no build target found for /Users/qiantang/Downloads/asdas odb/OneDB/spark/sql/core/src/main/scala/org/apache/spark/sql/execution/odb/partition/local/LocalODBPartitioner.scala. Using presentation compiler with project's scala-library version: 3.3.6
2025.11.06 17:45:24 INFO  Shutting down server
2025.11.06 17:45:24 INFO  shutting down Metals
2025.11.06 17:45:24 INFO  Exiting server
2025.11.06 23:20:46 INFO  Started: Metals version 1.6.3 in folders '/Users/qiantang/Downloads/asdas odb/OneDB/spark' for client Visual Studio Code 1.105.1.
2025.11.06 23:20:48 WARN  Using H2 2.4.240 which is newer than the version Flyway has been verified with. The latest verified version of H2 is 2.3.232.
11月 06, 2025 11:37:58 下午 org.eclipse.lsp4j.jsonrpc.services.GenericEndpoint notify
信息: Unsupported notification method: $/setTrace
